0 info it worked if it ends with ok
1 verbose cli [ '/usr/bin/node',
1 verbose cli   '/usr/bin/npm',
1 verbose cli   'install',
1 verbose cli   '-g',
1 verbose cli   'stylus',
1 verbose cli   'jeet' ]
2 info using npm@1.4.28
3 info using node@v0.10.35
4 verbose node symlink /usr/bin/node
5 verbose cache add [ 'stylus', null ]
6 verbose cache add name=undefined spec="stylus" args=["stylus",null]
7 verbose parsed url { protocol: null,
7 verbose parsed url   slashes: null,
7 verbose parsed url   auth: null,
7 verbose parsed url   host: null,
7 verbose parsed url   port: null,
7 verbose parsed url   hostname: null,
7 verbose parsed url   hash: null,
7 verbose parsed url   search: null,
7 verbose parsed url   query: null,
7 verbose parsed url   pathname: 'stylus',
7 verbose parsed url   path: 'stylus',
7 verbose parsed url   href: 'stylus' }
8 verbose cache add [ 'jeet', null ]
9 verbose cache add name=undefined spec="jeet" args=["jeet",null]
10 verbose parsed url { protocol: null,
10 verbose parsed url   slashes: null,
10 verbose parsed url   auth: null,
10 verbose parsed url   host: null,
10 verbose parsed url   port: null,
10 verbose parsed url   hostname: null,
10 verbose parsed url   hash: null,
10 verbose parsed url   search: null,
10 verbose parsed url   query: null,
10 verbose parsed url   pathname: 'jeet',
10 verbose parsed url   path: 'jeet',
10 verbose parsed url   href: 'jeet' }
11 silly lockFile 27c0f414-stylus stylus
12 verbose lock stylus /home/dru/.npm/27c0f414-stylus.lock
13 silly lockFile c6570d2e-jeet jeet
14 verbose lock jeet /home/dru/.npm/c6570d2e-jeet.lock
15 silly lockFile 27c0f414-stylus stylus
16 silly lockFile 27c0f414-stylus stylus
17 silly lockFile c6570d2e-jeet jeet
18 silly lockFile c6570d2e-jeet jeet
19 verbose addNamed [ 'stylus', '' ]
20 verbose addNamed [ null, '*' ]
21 silly lockFile 5140332e-stylus stylus@
22 verbose lock stylus@ /home/dru/.npm/5140332e-stylus.lock
23 verbose addNamed [ 'jeet', '' ]
24 verbose addNamed [ null, '*' ]
25 silly lockFile 8d729549-jeet jeet@
26 verbose lock jeet@ /home/dru/.npm/8d729549-jeet.lock
27 silly addNameRange { name: 'stylus', range: '*', hasData: false }
28 silly addNameRange { name: 'jeet', range: '*', hasData: false }
29 verbose request where is /jeet
30 verbose request registry https://registry.npmjs.org/
31 verbose request id 6c2905820727d9d9
32 verbose url raw /jeet
33 verbose url resolving [ 'https://registry.npmjs.org/', './jeet' ]
34 verbose url resolved https://registry.npmjs.org/jeet
35 verbose request where is https://registry.npmjs.org/jeet
36 info trying registry request attempt 1 at 23:42:56
37 http GET https://registry.npmjs.org/jeet
38 verbose request where is /stylus
39 verbose request registry https://registry.npmjs.org/
40 verbose url raw /stylus
41 verbose url resolving [ 'https://registry.npmjs.org/', './stylus' ]
42 verbose url resolved https://registry.npmjs.org/stylus
43 verbose request where is https://registry.npmjs.org/stylus
44 info trying registry request attempt 1 at 23:42:56
45 verbose etag "7TXHGMYC8Y3L7EEOZHZ9UJ4OW"
46 http GET https://registry.npmjs.org/stylus
47 http 304 https://registry.npmjs.org/stylus
48 silly registry.get cb [ 304,
48 silly registry.get   { date: 'Wed, 28 Jan 2015 04:42:57 GMT',
48 silly registry.get     server: 'Apache',
48 silly registry.get     via: '1.1 varnish',
48 silly registry.get     'last-modified': 'Wed, 28 Jan 2015 04:42:57 GMT',
48 silly registry.get     'cache-control': 'max-age=60',
48 silly registry.get     etag: '"7TXHGMYC8Y3L7EEOZHZ9UJ4OW"',
48 silly registry.get     age: '13',
48 silly registry.get     'x-served-by': 'cache-ord1734-ORD',
48 silly registry.get     'x-cache': 'HIT',
48 silly registry.get     'x-cache-hits': '1',
48 silly registry.get     'x-timer': 'S1422420177.120475,VS0,VE0',
48 silly registry.get     vary: 'Accept',
48 silly registry.get     'content-length': '0',
48 silly registry.get     'keep-alive': 'timeout=10, max=50',
48 silly registry.get     connection: 'Keep-Alive' } ]
49 verbose etag https://registry.npmjs.org/stylus from cache
50 silly addNameRange number 2 { name: 'stylus', range: '*', hasData: true }
51 silly addNameRange versions [ 'stylus',
51 silly addNameRange   [ '0.0.1',
51 silly addNameRange     '0.0.2',
51 silly addNameRange     '0.1.0',
51 silly addNameRange     '0.2.0',
51 silly addNameRange     '0.2.1',
51 silly addNameRange     '0.3.0',
51 silly addNameRange     '0.3.1',
51 silly addNameRange     '0.4.0',
51 silly addNameRange     '0.4.1',
51 silly addNameRange     '0.5.0',
51 silly addNameRange     '0.5.1',
51 silly addNameRange     '0.5.2',
51 silly addNameRange     '0.5.3',
51 silly addNameRange     '0.6.0',
51 silly addNameRange     '0.6.2',
51 silly addNameRange     '0.6.3',
51 silly addNameRange     '0.6.4',
51 silly addNameRange     '0.6.5',
51 silly addNameRange     '0.6.6',
51 silly addNameRange     '0.6.7',
51 silly addNameRange     '0.7.0',
51 silly addNameRange     '0.7.1',
51 silly addNameRange     '0.7.2',
51 silly addNameRange     '0.7.3',
51 silly addNameRange     '0.7.4',
51 silly addNameRange     '0.8.0',
51 silly addNameRange     '0.9.0',
51 silly addNameRange     '0.9.1',
51 silly addNameRange     '0.9.2',
51 silly addNameRange     '0.10.0',
51 silly addNameRange     '0.11.0',
51 silly addNameRange     '0.11.1',
51 silly addNameRange     '0.11.2',
51 silly addNameRange     '0.11.3',
51 silly addNameRange     '0.11.4',
51 silly addNameRange     '0.11.5',
51 silly addNameRange     '0.11.6',
51 silly addNameRange     '0.11.7',
51 silly addNameRange     '0.11.8',
51 silly addNameRange     '0.11.9',
51 silly addNameRange     '0.11.10',
51 silly addNameRange     '0.11.11',
51 silly addNameRange     '0.11.12',
51 silly addNameRange     '0.12.0',
51 silly addNameRange     '0.12.1',
51 silly addNameRange     '0.12.2',
51 silly addNameRange     '0.12.3',
51 silly addNameRange     '0.12.4',
51 silly addNameRange     '0.13.0',
51 silly addNameRange     '0.13.1',
51 silly addNameRange     '0.13.2',
51 silly addNameRange     '0.13.3',
51 silly addNameRange     '0.13.4',
51 silly addNameRange     '0.13.5',
51 silly addNameRange     '0.13.6',
51 silly addNameRange     '0.13.7',
51 silly addNameRange     '0.13.8',
51 silly addNameRange     '0.13.9',
51 silly addNameRange     '0.14.0',
51 silly addNameRange     '0.15.0',
51 silly addNameRange     '0.15.1',
51 silly addNameRange     '0.15.2',
51 silly addNameRange     '0.15.3',
51 silly addNameRange     '0.15.4',
51 silly addNameRange     '0.16.0',
51 silly addNameRange     '0.17.0',
51 silly addNameRange     '0.18.0',
51 silly addNameRange     '0.19.0',
51 silly addNameRange     '0.19.1',
51 silly addNameRange     '0.19.2',
51 silly addNameRange     '0.19.3',
51 silly addNameRange     '0.19.4',
51 silly addNameRange     '0.19.5',
51 silly addNameRange     '0.19.6',
51 silly addNameRange     '0.19.7',
51 silly addNameRange     '0.19.8',
51 silly addNameRange     '0.20.0',
51 silly addNameRange     '0.20.1',
51 silly addNameRange     '0.21.0',
51 silly addNameRange     '0.21.1',
51 silly addNameRange     '0.21.2',
51 silly addNameRange     '0.22.0',
51 silly addNameRange     '0.22.1',
51 silly addNameRange     '0.22.2',
51 silly addNameRange     '0.22.3',
51 silly addNameRange     '0.22.4',
51 silly addNameRange     '0.22.5',
51 silly addNameRange     '0.22.6',
51 silly addNameRange     '0.23.0',
51 silly addNameRange     '0.24.0',
51 silly addNameRange     '0.25.0',
51 silly addNameRange     '0.26.0',
51 silly addNameRange     '0.26.1',
51 silly addNameRange     '0.27.0',
51 silly addNameRange     '0.27.1',
51 silly addNameRange     '0.27.2',
51 silly addNameRange     '0.28.0',
51 silly addNameRange     '0.28.1',
51 silly addNameRange     '0.28.2',
51 silly addNameRange     '0.29.0',
51 silly addNameRange     '0.30.0',
51 silly addNameRange     '0.30.1',
51 silly addNameRange     '0.31.0',
51 silly addNameRange     '0.32.0',
51 silly addNameRange     '0.32.1',
51 silly addNameRange     '0.33.0',
51 silly addNameRange     '0.33.1',
51 silly addNameRange     '0.34.0',
51 silly addNameRange     '0.34.1',
51 silly addNameRange     '0.35.0',
51 silly addNameRange     '0.35.1',
51 silly addNameRange     '0.36.0',
51 silly addNameRange     '0.36.1',
51 silly addNameRange     '0.37.0',
51 silly addNameRange     '0.38.0',
51 silly addNameRange     '0.39.0',
51 silly addNameRange     '0.39.1',
51 silly addNameRange     '0.39.2',
51 silly addNameRange     '0.39.3',
51 silly addNameRange     '0.39.4',
51 silly addNameRange     '0.40.0',
51 silly addNameRange     '0.40.1',
51 silly addNameRange     '0.40.2',
51 silly addNameRange     '0.40.3',
51 silly addNameRange     '0.41.0',
51 silly addNameRange     '0.41.1',
51 silly addNameRange     '0.41.2',
51 silly addNameRange     '0.41.3',
51 silly addNameRange     '0.42.0',
51 silly addNameRange     '0.42.1',
51 silly addNameRange     '0.42.2',
51 silly addNameRange     '0.42.3',
51 silly addNameRange     '0.43.0',
51 silly addNameRange     '0.44.0-beta',
51 silly addNameRange     '0.43.1',
51 silly addNameRange     '0.44.0-beta2',
51 silly addNameRange     '0.44.0-beta3',
51 silly addNameRange     '0.44.0',
51 silly addNameRange     '0.45.0',
51 silly addNameRange     '0.45.1',
51 silly addNameRange     '0.46.0',
51 silly addNameRange     '0.46.1',
51 silly addNameRange     '0.46.2',
51 silly addNameRange     '0.46.3',
51 silly addNameRange     '0.47.0',
51 silly addNameRange     '0.47.1',
51 silly addNameRange     '0.47.2',
51 silly addNameRange     '0.47.3',
51 silly addNameRange     '0.48.0',
51 silly addNameRange     '0.48.1',
51 silly addNameRange     '0.49.0',
51 silly addNameRange     '0.49.1',
51 silly addNameRange     '0.49.2',
51 silly addNameRange     '0.49.3' ] ]
52 verbose addNamed [ 'stylus', '0.49.3' ]
53 verbose addNamed [ '0.49.3', '0.49.3' ]
54 silly lockFile 8c45e69b-stylus-0-49-3 stylus@0.49.3
55 verbose lock stylus@0.49.3 /home/dru/.npm/8c45e69b-stylus-0-49-3.lock
56 silly lockFile 8c45e69b-stylus-0-49-3 stylus@0.49.3
57 silly lockFile 8c45e69b-stylus-0-49-3 stylus@0.49.3
58 silly lockFile 5140332e-stylus stylus@
59 silly lockFile 5140332e-stylus stylus@
60 http 200 https://registry.npmjs.org/jeet
61 silly registry.get cb [ 200,
61 silly registry.get   { date: 'Wed, 28 Jan 2015 04:42:57 GMT',
61 silly registry.get     server: 'CouchDB/1.5.0 (Erlang OTP/R16B03)',
61 silly registry.get     etag: '"41BYL1MMC2WJPMBNB037FAF2O"',
61 silly registry.get     'content-type': 'application/json',
61 silly registry.get     'cache-control': 'max-age=60',
61 silly registry.get     'content-length': '59145',
61 silly registry.get     'accept-ranges': 'bytes',
61 silly registry.get     via: '1.1 varnish',
61 silly registry.get     age: '0',
61 silly registry.get     'x-served-by': 'cache-jfk1035-JFK',
61 silly registry.get     'x-cache': 'HIT',
61 silly registry.get     'x-cache-hits': '1',
61 silly registry.get     'x-timer': 'S1422420176.993687,VS0,VE14',
61 silly registry.get     vary: 'Accept',
61 silly registry.get     'keep-alive': 'timeout=10, max=50',
61 silly registry.get     connection: 'Keep-Alive' } ]
62 silly addNameRange number 2 { name: 'jeet', range: '*', hasData: true }
63 silly addNameRange versions [ 'jeet',
63 silly addNameRange   [ '0.1.2',
63 silly addNameRange     '0.1.3',
63 silly addNameRange     '0.1.3-1',
63 silly addNameRange     '0.2.0-0',
63 silly addNameRange     '0.2.0-1',
63 silly addNameRange     '0.2.0-2',
63 silly addNameRange     '0.3.0-0',
63 silly addNameRange     '0.3.1',
63 silly addNameRange     '0.4.1',
63 silly addNameRange     '0.4.4',
63 silly addNameRange     '0.4.6',
63 silly addNameRange     '0.4.7',
63 silly addNameRange     '0.4.8',
63 silly addNameRange     '0.4.9',
63 silly addNameRange     '0.5.0',
63 silly addNameRange     '0.5.1',
63 silly addNameRange     '0.5.2',
63 silly addNameRange     '3.0.0',
63 silly addNameRange     '0.5.4',
63 silly addNameRange     '0.5.5',
63 silly addNameRange     '0.5.6',
63 silly addNameRange     '3.0.1',
63 silly addNameRange     '3.0.2',
63 silly addNameRange     '3.0.3',
63 silly addNameRange     '3.0.4',
63 silly addNameRange     '3.0.5',
63 silly addNameRange     '3.0.6',
63 silly addNameRange     '3.0.7',
63 silly addNameRange     '3.0.8',
63 silly addNameRange     '3.0.9',
63 silly addNameRange     '3.0.10',
63 silly addNameRange     '3.0.11',
63 silly addNameRange     '3.0.12',
63 silly addNameRange     '3.0.14',
63 silly addNameRange     '3.0.15',
63 silly addNameRange     '3.0.16',
63 silly addNameRange     '3.0.17',
63 silly addNameRange     '3.0.18',
63 silly addNameRange     '3.0.19',
63 silly addNameRange     '4.0.0',
63 silly addNameRange     '4.0.1',
63 silly addNameRange     '4.0.2',
63 silly addNameRange     '4.1.0',
63 silly addNameRange     '4.1.1',
63 silly addNameRange     '5.0.0',
63 silly addNameRange     '5.0.1',
63 silly addNameRange     '5.0.2',
63 silly addNameRange     '5.1.2',
63 silly addNameRange     '5.1.3',
63 silly addNameRange     '5.1.5',
63 silly addNameRange     '5.2.6',
63 silly addNameRange     '5.2.7',
63 silly addNameRange     '5.2.8',
63 silly addNameRange     '5.2.9',
63 silly addNameRange     '5.2.10',
63 silly addNameRange     '5.2.11',
63 silly addNameRange     '5.3.0',
63 silly addNameRange     '6.0.0',
63 silly addNameRange     '6.1.1',
63 silly addNameRange     '6.1.2' ] ]
64 verbose addNamed [ 'jeet', '6.1.2' ]
65 verbose addNamed [ '6.1.2', '6.1.2' ]
66 silly lockFile 858e1e5b-jeet-6-1-2 jeet@6.1.2
67 verbose lock jeet@6.1.2 /home/dru/.npm/858e1e5b-jeet-6-1-2.lock
68 silly lockFile da730e01-ry-npmjs-org-jeet-jeet-6-1-2-tgz https://registry.npmjs.org/jeet/-/jeet-6.1.2.tgz
69 verbose lock https://registry.npmjs.org/jeet/-/jeet-6.1.2.tgz /home/dru/.npm/da730e01-ry-npmjs-org-jeet-jeet-6-1-2-tgz.lock
70 verbose addRemoteTarball [ 'https://registry.npmjs.org/jeet/-/jeet-6.1.2.tgz',
70 verbose addRemoteTarball   '5d90f54df9cb953a89d79fadaabf509a87e19291' ]
71 info retry fetch attempt 1 at 23:42:57
72 verbose fetch to= /tmp/npm-5041-RBxwwxv9/registry.npmjs.org/jeet/-/jeet-6.1.2.tgz
73 http GET https://registry.npmjs.org/jeet/-/jeet-6.1.2.tgz
74 http 200 https://registry.npmjs.org/jeet/-/jeet-6.1.2.tgz
75 silly lockFile da730e01-ry-npmjs-org-jeet-jeet-6-1-2-tgz https://registry.npmjs.org/jeet/-/jeet-6.1.2.tgz
76 silly lockFile da730e01-ry-npmjs-org-jeet-jeet-6-1-2-tgz https://registry.npmjs.org/jeet/-/jeet-6.1.2.tgz
77 silly lockFile 858e1e5b-jeet-6-1-2 jeet@6.1.2
78 silly lockFile 858e1e5b-jeet-6-1-2 jeet@6.1.2
79 silly lockFile 8d729549-jeet jeet@
80 silly lockFile 8d729549-jeet jeet@
81 silly resolved [ { name: 'stylus',
81 silly resolved     description: 'Robust, expressive, and feature-rich CSS superset',
81 silly resolved     version: '0.49.3',
81 silly resolved     author: { name: 'TJ Holowaychuk', email: 'tj@vision-media.ca' },
81 silly resolved     keywords: [ 'css', 'parser', 'style', 'stylesheets', 'jade', 'language' ],
81 silly resolved     repository: { type: 'git', url: 'git://github.com/LearnBoost/stylus' },
81 silly resolved     main: './index.js',
81 silly resolved     browserify: './lib/browserify.js',
81 silly resolved     engines: { node: '*' },
81 silly resolved     bin: { stylus: './bin/stylus' },
81 silly resolved     scripts:
81 silly resolved      { prepublish: 'npm prune',
81 silly resolved        test: 'mocha test/ test/middleware/ --require should --bail --reporter dot',
81 silly resolved        'test-cov': 'mocha test/ test/middleware/ --require should --bail --reporter html-cov > coverage.html' },
81 silly resolved     dependencies:
81 silly resolved      { 'css-parse': '1.7.x',
81 silly resolved        mkdirp: '0.3.x',
81 silly resolved        debug: '*',
81 silly resolved        sax: '0.5.x',
81 silly resolved        glob: '3.2.x',
81 silly resolved        'source-map': '0.1.x' },
81 silly resolved     devDependencies: { should: '2.x', mocha: '*', jscoverage: '0.3.8' },
81 silly resolved     bugs: { url: 'https://github.com/LearnBoost/stylus/issues' },
81 silly resolved     homepage: 'https://github.com/LearnBoost/stylus',
81 silly resolved     directories: { doc: 'docs', example: 'examples', test: 'test' },
81 silly resolved     license: 'MIT',
81 silly resolved     _id: 'stylus@0.49.3',
81 silly resolved     _shasum: '1fbdabe479ed460872c71a6252a67f95040ba511',
81 silly resolved     _from: 'stylus@',
81 silly resolved     _npmVersion: '1.4.9',
81 silly resolved     _npmUser: { name: 'kizu', email: 'kizmarh@ya.ru' },
81 silly resolved     maintainers: [ [Object], [Object] ],
81 silly resolved     dist:
81 silly resolved      { shasum: '1fbdabe479ed460872c71a6252a67f95040ba511',
81 silly resolved        tarball: 'http://registry.npmjs.org/stylus/-/stylus-0.49.3.tgz' },
81 silly resolved     _resolved: 'https://registry.npmjs.org/stylus/-/stylus-0.49.3.tgz',
81 silly resolved     readme: 'ERROR: No README data found!' },
81 silly resolved   { name: 'jeet',
81 silly resolved     maintainers: [ [Object], [Object] ],
81 silly resolved     main: 'stylus/jeet.js',
81 silly resolved     version: '6.1.2',
81 silly resolved     description: 'A grid system for humans.',
81 silly resolved     keywords: [ 'stylus', 'scss', 'css', 'framework', 'grid' ],
81 silly resolved     categories: [ 'CSS', 'Frameworks' ],
81 silly resolved     github: 'http://github.com/mojotech/jeet',
81 silly resolved     devDependencies:
81 silly resolved      { chai: '1.9.1',
81 silly resolved        'css-diff': '0.4.0',
81 silly resolved        mocha: '1.21.4',
81 silly resolved        'node-sass': '0.9.3',
81 silly resolved        should: '4.0.4',
81 silly resolved        stylus: '0.48.1' },
81 silly resolved     scripts: { test: 'mocha tests' },
81 silly resolved     preferGlobal: true,
81 silly resolved     repository: { type: 'git', url: 'https://github.com/mojotech/jeet.git' },
81 silly resolved     bugs:
81 silly resolved      { url: 'https://github.com/mojotech/jeet/issues',
81 silly resolved        email: 'cory@mojotech.com' },
81 silly resolved     license: 'MIT',
81 silly resolved     homepage: 'https://jeet.gs',
81 silly resolved     gitHead: '68c24d6cdbe3e02b4afed4c16e487085ceace221',
81 silly resolved     _id: 'jeet@6.1.2',
81 silly resolved     _shasum: '5d90f54df9cb953a89d79fadaabf509a87e19291',
81 silly resolved     _from: 'jeet@',
81 silly resolved     _npmVersion: '1.4.23',
81 silly resolved     _npmUser: { name: 'corysimmons', email: 'cory@mojotech.com' },
81 silly resolved     dist:
81 silly resolved      { shasum: '5d90f54df9cb953a89d79fadaabf509a87e19291',
81 silly resolved        tarball: 'http://registry.npmjs.org/jeet/-/jeet-6.1.2.tgz' },
81 silly resolved     directories: {},
81 silly resolved     _resolved: 'https://registry.npmjs.org/jeet/-/jeet-6.1.2.tgz' } ]
82 info install stylus@0.49.3 into /usr/lib
83 info install jeet@6.1.2 into /usr/lib
84 info installOne stylus@0.49.3
85 info installOne jeet@6.1.2
86 verbose lib/node_modules/stylus unbuild
87 verbose tar unpack /home/dru/.npm/stylus/0.49.3/package.tgz
88 silly lockFile b5d7bc02-tar-usr-lib-node-modules-stylus tar:///usr/lib/node_modules/stylus
89 verbose lock tar:///usr/lib/node_modules/stylus /home/dru/.npm/b5d7bc02-tar-usr-lib-node-modules-stylus.lock
90 silly lockFile 74a71869-ru-npm-stylus-0-49-3-package-tgz tar:///home/dru/.npm/stylus/0.49.3/package.tgz
91 verbose lock tar:///home/dru/.npm/stylus/0.49.3/package.tgz /home/dru/.npm/74a71869-ru-npm-stylus-0-49-3-package-tgz.lock
92 verbose lib/node_modules/jeet unbuild
93 silly gunzTarPerm modes [ '755', '644' ]
94 verbose tar unpack /home/dru/.npm/jeet/6.1.2/package.tgz
95 silly lockFile b86534c6-tar-usr-lib-node-modules-jeet tar:///usr/lib/node_modules/jeet
96 verbose lock tar:///usr/lib/node_modules/jeet /home/dru/.npm/b86534c6-tar-usr-lib-node-modules-jeet.lock
97 silly lockFile a21e8bcd-e-dru-npm-jeet-6-1-2-package-tgz tar:///home/dru/.npm/jeet/6.1.2/package.tgz
98 verbose lock tar:///home/dru/.npm/jeet/6.1.2/package.tgz /home/dru/.npm/a21e8bcd-e-dru-npm-jeet-6-1-2-package-tgz.lock
99 silly gunzTarPerm modes [ '755', '644' ]
100 error Error: EACCES, mkdir '/usr/lib/node_modules/jeet'
100 error  { [Error: EACCES, mkdir '/usr/lib/node_modules/jeet']
100 error   errno: 3,
100 error   code: 'EACCES',
100 error   path: '/usr/lib/node_modules/jeet',
100 error   fstream_type: 'Directory',
100 error   fstream_path: '/usr/lib/node_modules/jeet',
100 error   fstream_class: 'DirWriter',
100 error   fstream_stack:
100 error    [ '/usr/lib/node_modules/npm/node_modules/fstream/lib/dir-writer.js:36:23',
100 error      '/usr/lib/node_modules/npm/node_modules/mkdirp/index.js:46:53',
100 error      'Object.oncomplete (fs.js:108:15)' ] }
101 error Please try running this command again as root/Administrator.
102 error System Linux 3.2.0-4-amd64
103 error command "/usr/bin/node" "/usr/bin/npm" "install" "-g" "stylus" "jeet"
104 error cwd /home/dru/projects/html/bemjast-demo
105 error node -v v0.10.35
106 error npm -v 1.4.28
107 error path /usr/lib/node_modules/jeet
108 error fstream_path /usr/lib/node_modules/jeet
109 error fstream_type Directory
110 error fstream_class DirWriter
111 error code EACCES
112 error errno 3
113 error stack Error: EACCES, mkdir '/usr/lib/node_modules/jeet'
114 error fstream_stack /usr/lib/node_modules/npm/node_modules/fstream/lib/dir-writer.js:36:23
114 error fstream_stack /usr/lib/node_modules/npm/node_modules/mkdirp/index.js:46:53
114 error fstream_stack Object.oncomplete (fs.js:108:15)
115 verbose exit [ 3, true ]
